#
# A fatal error has been detected by the Java Runtime Environment:
#
#  SIGSEGV (0xb) at pc=0x000000011c5ab3fd, pid=12621, tid=1811
#
# JRE version: Java(TM) SE Runtime Environment (8.0_20-b26) (build 1.8.0_20-b26)
# Java VM: Java HotSpot(TM) 64-Bit Server VM (25.20-b23 mixed mode bsd-amd64 compressed oops)
# Problematic frame:
# C  [libglass.dylib+0x163fd]  GlassScreenDidChangeScreenParameters+0x9d
#
# Failed to write core dump. Core dumps have been disabled. To enable core dumping, try "ulimit -c unlimited" before starting Java again
#
# If you would like to submit a bug report, please visit:
#   http://bugreport.sun.com/bugreport/crash.jsp
#

---------------  T H R E A D  ---------------

Current thread is native thread

siginfo: si_signo: 11 (SIGSEGV), si_code: 1 (SEGV_MAPERR), si_addr: 0x0000000000000000

Registers:
RAX=0x000000011c5dde40, RBX=0x0000000000000000, RCX=0x0c00d945a9d73595, RDX=0x00007fe5d4e0c858
RSP=0x00007fff5d6142b0, RBP=0x00007fff5d6142c0, RSI=0x00007fe5d2412ae8, RDI=0x0000000000000000
R8 =0x00007fff5d614160, R9 =0x00007fff73e73300, R10=0x0000000000000000, R11=0x0000000000000246
R12=0x00007fe5d2519390, R13=0x00000000000f426a, R14=0x00007fe5d25a7fc0, R15=0x00007fff5d614400
RIP=0x000000011c5ab3fd, EFLAGS=0x0000000000010202, ERR=0x0000000000000004
  TRAPNO=0x000000000000000e

Top of Stack: (sp=0x00007fff5d6142b0)
0x00007fff5d6142b0:   00007fff5d614490 00007fe5d25a7fc0
0x00007fff5d6142c0:   00007fff5d6142d0 00007fff905e445c
0x00007fff5d6142d0:   00007fff5d614630 00007fff904d4634
0x00007fff5d6142e0:   00007fff5d614330 0000000000000000
0x00007fff5d6142f0:   00007fff749e9ed0 00007fe5d4e2d880
0x00007fff5d614300:   0000000000001000 0000000000000900
0x00007fff5d614310:   00007fe5d4e2d880 00007fe5d25a7fc0
0x00007fff5d614320:   0000000000000000 00007fff5d614400
0x00007fff5d614330:   0000000000000000 00007fe5d25a7f80
0x00007fff5d614340:   00007fff5d614480 0000000000000060
0x00007fff5d614350:   00000000000f4327 00007fe5d258c520
0x00007fff5d614360:   00007fe5d257c4c0 00007fe5d2519390
0x00007fff5d614370:   0000000000000001 00000000000f426a
0x00007fff5d614380:   00007fe5d2519380 00007fff82d89b90
0x00007fff5d614390:   0000000000000001 0000000000000001
0x00007fff5d6143a0:   0000000000000030 0000000000000001
0x00007fff5d6143b0:   00007fff5d6143d0 00007fff82d8a546
0x00007fff5d6143c0:   00007fff749e7fb0 0000000000000000
0x00007fff5d6143d0:   00007fff5d6143f0 0000000000000012
0x00007fff5d6143e0:   0006e603d42c6400 00007fe5d25193b4
0x00007fff5d6143f0:   0000000000000000 00007fff904ca10f
0x00007fff5d614400:   00007fe5d25a7fc0 00007fff749e7fb0
0x00007fff5d614410:   00007fff5d614490 00007fff904d2c3f
0x00007fff5d614420:   00007fff5d61449c 00007fff5d6144a0
0x00007fff5d614430:   0000000102606a00 0000000000000002
0x00007fff5d614440:   0000000102603000 00007fe5d4aa7752
0x00007fff5d614450:   0000000000000003 0000000102606a00
0x00007fff5d614460:   00007fff5d614550 00007fff82d86b36
0x00007fff5d614470:   00007fe5d257c050 00007fff5d614638
0x00007fff5d614480:   0000000000000017 0000000000000000
0x00007fff5d614490:   00000000000f426a 00007fff904ca403
0x00007fff5d6144a0:   00007fff00000000 00007fe5d25825e0 

Instructions: (pc=0x000000011c5ab3fd)
0x000000011c5ab3dd:   89 df 4c 89 f1 41 ff 90 68 04 00 00 48 8d 05 58
0x000000011c5ab3ed:   29 03 00 48 8b 30 48 8d 05 46 2a 03 00 48 8b 10
0x000000011c5ab3fd:   48 8b 0b 30 c0 48 89 df ff 91 68 04 00 00 48 8b
0x000000011c5ab40d:   03 48 89 df ff 50 78 48 85 c0 74 36 49 89 c6 48 

Register to memory mapping:

RAX=0x000000011c5dde40: jScreenNotifySettingsChanged+0 in /Library/Java/JavaVirtualMachines/jdk1.8.0_20.jdk/Contents/Home/jre/lib/libglass.dylib at 0x000000011c595000
RBX=0x0000000000000000 is an unknown value
RCX=0x0c00d945a9d73595 is an unknown value
RDX=0x00007fe5d4e0c858 is an unknown value
RSP=0x00007fff5d6142b0 is an unknown value
RBP=0x00007fff5d6142c0 is an unknown value
RSI=0x00007fe5d2412ae8 is a global jni handle
RDI=0x0000000000000000 is an unknown value
R8 =0x00007fff5d614160 is an unknown value
R9 =0x00007fff73e73300: _thread+0 in /usr/lib/system/libsystem_pthread.dylib at 0x00007fff8c772000
R10=0x0000000000000000 is an unknown value
R11=0x0000000000000246 is an unknown value
R12=0x00007fe5d2519390 is an unknown value
R13=0x00000000000f426a is an unknown value
R14=0x00007fe5d25a7fc0 is an unknown value
R15=0x00007fff5d614400 is an unknown value


Stack: [0x00007fff5ce17000,0x00007fff5d617000],  sp=0x00007fff5d6142b0,  free space=8180k
Native frames: (J=compiled Java code, j=interpreted, Vv=VM code, C=native code)
C  [libglass.dylib+0x163fd]  GlassScreenDidChangeScreenParameters+0x9d
C  [CoreFoundation+0x12045c]  __CFNOTIFICATIONCENTER_IS_CALLING_OUT_TO_AN_OBSERVER__+0xc
C  [CoreFoundation+0x10634]  _CFXNotificationPost+0xc44
C  [Foundation+0x79d1]  -[NSNotificationCenter postNotificationName:object:userInfo:]+0x42
C  [AppKit+0x40de7e]  -[NSApplication _reactToScreenInvalidationImmediately:]+0x17b
C  [AppKit+0x40dcc7]  __44-[NSApplication _reactToScreenInvalidation:]_block_invoke+0x4b
C  [CoreFoundation+0x808ec]  __CFRUNLOOP_IS_CALLING_OUT_TO_A_BLOCK__+0xc
C  [CoreFoundation+0x729f5]  __CFRunLoopDoBlocks+0x155
C  [CoreFoundation+0x72536]  __CFRunLoopRun+0x716
C  [CoreFoundation+0x71bd8]  CFRunLoopRunSpecific+0x128
C  [java+0x56cc]  CreateExecutionEnvironment+0x367
C  [java+0x165c]  JLI_Launch+0x7a0
C  [java+0x768a]  main+0x65
C  [java+0xeb4]  start+0x34


---------------  P R O C E S S  ---------------

VM state:not at safepoint (normal execution)

VM Mutex/Monitor currently owned by a thread: None

Heap:
 PSYoungGen      total 38400K, used 10419K [0x0000000795580000, 0x0000000798000000, 0x00000007c0000000)
  eden space 33280K, 18% used [0x0000000795580000,0x0000000795b78cf8,0x0000000797600000)
  from space 5120K, 84% used [0x0000000797600000,0x0000000797a34030,0x0000000797b00000)
  to   space 5120K, 0% used [0x0000000797b00000,0x0000000797b00000,0x0000000798000000)
 ParOldGen       total 87552K, used 4112K [0x0000000740000000, 0x0000000745580000, 0x0000000795580000)
  object space 87552K, 4% used [0x0000000740000000,0x0000000740404020,0x0000000745580000)
 Metaspace       used 14620K, capacity 15282K, committed 15488K, reserved 1062912K
  class space    used 1998K, capacity 2142K, committed 2176K, reserved 1048576K

Card table byte_map: [0x00000001133c0000,0x00000001137c1000] byte_map_base: 0x000000010f9c0000

Marking Bits: (ParMarkBitMap*) 0x0000000102f83330
 Begin Bits: [0x0000000113e78000, 0x0000000115e78000)
 End Bits:   [0x0000000115e78000, 0x0000000117e78000)

Polling page: 0x000000010375e000

CodeCache: size=245760Kb used=6477Kb max_used=6477Kb free=239282Kb
 bounds [0x0000000104000000, 0x0000000104660000, 0x0000000113000000]
 total_blobs=2739 nmethods=2097 adapters=556
 compilation: enabled

Compilation events (10 events):
Event: 51.951 Thread 0x00007fe5d2835000 2116   !   3       java.lang.invoke.MethodHandleNatives::linkMethodHandleConstant (154 bytes)
Event: 51.952 Thread 0x00007fe5d2835000 nmethod 2116 0x000000010464fe50 code [0x00000001046500c0, 0x0000000104650ce8]
Event: 51.952 Thread 0x00007fe5d2835000 2117       3       java.lang.invoke.MethodHandles$Lookup::linkMethodHandleConstant (185 bytes)
Event: 51.953 Thread 0x00007fe5d2835000 nmethod 2117 0x00000001046512d0 code [0x0000000104651580, 0x0000000104652a38]
Event: 51.961 Thread 0x00007fe5d2835000 2118       3       java.lang.invoke.DirectMethodHandle::<init> (106 bytes)
Event: 51.962 Thread 0x00007fe5d2835000 nmethod 2118 0x0000000104653050 code [0x0000000104653300, 0x0000000104654b08]
Event: 51.962 Thread 0x00007fe5d2835000 2119       3       java.lang.invoke.MemberName::isField (7 bytes)
Event: 51.962 Thread 0x00007fe5d2835000 nmethod 2119 0x000000010462e2d0 code [0x000000010462e440, 0x000000010462e6b0]
Event: 51.962 Thread 0x00007fe5d2835000 2120       3       java.lang.invoke.DirectMethodHandle::preparedLambdaForm (242 bytes)
Event: 51.964 Thread 0x00007fe5d2835000 nmethod 2120 0x0000000104655350 code [0x00000001046555e0, 0x0000000104656ed8]

GC Heap History (2 events):
Event: 2.713 GC heap before
{Heap before GC invocations=1 (full 0):
 PSYoungGen      total 38400K, used 33280K [0x0000000795580000, 0x0000000798000000, 0x00000007c0000000)
  eden space 33280K, 100% used [0x0000000795580000,0x0000000797600000,0x0000000797600000)
  from space 5120K, 0% used [0x0000000797b00000,0x0000000797b00000,0x0000000798000000)
  to   space 5120K, 0% used [0x0000000797600000,0x0000000797600000,0x0000000797b00000)
 ParOldGen       total 87552K, used 0K [0x0000000740000000, 0x0000000745580000, 0x0000000795580000)
  object space 87552K, 0% used [0x0000000740000000,0x0000000740000000,0x0000000745580000)
 Metaspace       used 13601K, capacity 14252K, committed 14464K, reserved 1060864K
  class space    used 1949K, capacity 2093K, committed 2176K, reserved 1048576K
Event: 2.723 GC heap after
Heap after GC invocations=1 (full 0):
 PSYoungGen      total 38400K, used 4304K [0x0000000795580000, 0x0000000798000000, 0x00000007c0000000)
  eden space 33280K, 0% used [0x0000000795580000,0x0000000795580000,0x0000000797600000)
  from space 5120K, 84% used [0x0000000797600000,0x0000000797a34030,0x0000000797b00000)
  to   space 5120K, 0% used [0x0000000797b00000,0x0000000797b00000,0x0000000798000000)
 ParOldGen       total 87552K, used 4112K [0x0000000740000000, 0x0000000745580000, 0x0000000795580000)
  object space 87552K, 4% used [0x0000000740000000,0x0000000740404020,0x0000000745580000)
 Metaspace       used 13601K, capacity 14252K, committed 14464K, reserved 1060864K
  class space    used 1949K, capacity 2093K, committed 2176K, reserved 1048576K
}

Deoptimization events (10 events):
Event: 0.564 Thread 0x00007fe5d410d800 Uncommon trap: reason=unreached action=reinterpret pc=0x0000000104235c10 method=java.util.HashMap.hash(Ljava/lang/Object;)I @ 1
Event: 0.653 Thread 0x00007fe5d410d800 Uncommon trap: reason=class_check action=maybe_recompile pc=0x000000010422c490 method=java.io.DataInputStream.readShort()S @ 4
Event: 0.653 Thread 0x00007fe5d410d800 Uncommon trap: reason=class_check action=maybe_recompile pc=0x000000010422c490 method=java.io.DataInputStream.readShort()S @ 4
Event: 0.654 Thread 0x00007fe5d410d800 Uncommon trap: reason=class_check action=maybe_recompile pc=0x000000010422c490 method=java.io.DataInputStream.readShort()S @ 4
Event: 0.654 Thread 0x00007fe5d410d800 Uncommon trap: reason=class_check action=maybe_recompile pc=0x000000010422c490 method=java.io.DataInputStream.readShort()S @ 4
Event: 0.661 Thread 0x00007fe5d410d800 Uncommon trap: reason=class_check action=maybe_recompile pc=0x000000010412b01c method=java.lang.String.equals(Ljava/lang/Object;)Z @ 8
Event: 0.661 Thread 0x00007fe5d410d800 Uncommon trap: reason=class_check action=maybe_recompile pc=0x000000010412b01c method=java.lang.String.equals(Ljava/lang/Object;)Z @ 8
Event: 0.661 Thread 0x00007fe5d410d800 Uncommon trap: reason=class_check action=maybe_recompile pc=0x000000010412b01c method=java.lang.String.equals(Ljava/lang/Object;)Z @ 8
Event: 0.661 Thread 0x00007fe5d410d800 Uncommon trap: reason=class_check action=maybe_recompile pc=0x000000010412b01c method=java.lang.String.equals(Ljava/lang/Object;)Z @ 8
Event: 0.912 Thread 0x00007fe5d410d800 Uncommon trap: reason=unloaded action=reinterpret pc=0x0000000104221b98 method=java.lang.CharacterData.of(I)Ljava/lang/CharacterData; @ 96

Internal exceptions (10 events):
Event: 0.564 Thread 0x00007fe5d410d800 Implicit null exception at 0x0000000104235a35 to 0x0000000104235c01
Event: 0.595 Thread 0x00007fe5d410d800 Exception <a 'java/security/PrivilegedActionException'> (0x00000007967dcd68) thrown at [/HUDSON3/workspace/8-2-build-macosx-x86_64/jdk8u20/1074/hotspot/src/share/vm/prims/jvm.cpp, line 1275]
Event: 0.596 Thread 0x00007fe5d410d800 Exception <a 'java/security/PrivilegedActionException'> (0x00000007967f33a0) thrown at [/HUDSON3/workspace/8-2-build-macosx-x86_64/jdk8u20/1074/hotspot/src/share/vm/prims/jvm.cpp, line 1275]
Event: 0.599 Thread 0x00007fe5d410d800 Exception <a 'java/security/PrivilegedActionException'> (0x0000000796815428) thrown at [/HUDSON3/workspace/8-2-build-macosx-x86_64/jdk8u20/1074/hotspot/src/share/vm/prims/jvm.cpp, line 1275]
Event: 0.739 Thread 0x00007fe5d410d800 Exception <a 'java/security/PrivilegedActionException'> (0x0000000796c5cb18) thrown at [/HUDSON3/workspace/8-2-build-macosx-x86_64/jdk8u20/1074/hotspot/src/share/vm/prims/jvm.cpp, line 1275]
Event: 0.741 Thread 0x00007fe5d410d800 Exception <a 'java/security/PrivilegedActionException'> (0x0000000796c74198) thrown at [/HUDSON3/workspace/8-2-build-macosx-x86_64/jdk8u20/1074/hotspot/src/share/vm/prims/jvm.cpp, line 1275]
Event: 0.743 Thread 0x00007fe5d410d800 Exception <a 'java/security/PrivilegedActionException'> (0x0000000796c91218) thrown at [/HUDSON3/workspace/8-2-build-macosx-x86_64/jdk8u20/1074/hotspot/src/share/vm/prims/jvm.cpp, line 1275]
Event: 1.072 Thread 0x00007fe5d410d800 Exception <a 'java/security/PrivilegedActionException'> (0x00000007970f2de8) thrown at [/HUDSON3/workspace/8-2-build-macosx-x86_64/jdk8u20/1074/hotspot/src/share/vm/prims/jvm.cpp, line 1275]
Event: 1.072 Thread 0x00007fe5d410d800 Exception <a 'java/security/PrivilegedActionException'> (0x00000007970f4378) thrown at [/HUDSON3/workspace/8-2-build-macosx-x86_64/jdk8u20/1074/hotspot/src/share/vm/prims/jvm.cpp, line 1275]
Event: 22.862 Thread 0x00007fe5d3108800 Exception <a 'java/security/PrivilegedActionException'> (0x000000079586f2c8) thrown at [/HUDSON3/workspace/8-2-build-macosx-x86_64/jdk8u20/1074/hotspot/src/share/vm/prims/jvm.cpp, line 1275]

Events (10 events):
Event: 51.959 loading class javafx/application/Application done
Event: 51.961 loading class com/sun/javafx/tk/quantum/QuantumRenderer
Event: 51.961 loading class com/sun/javafx/tk/quantum/QuantumRenderer done
Event: 51.961 loading class com/sun/javafx/tk/quantum/QuantumToolkit
Event: 51.961 loading class com/sun/javafx/tk/quantum/QuantumToolkit done
Event: 51.961 Thread 0x00007fe5d30f2800 Thread exited: 0x00007fe5d30f2800
Event: 51.961 Thread 0x00007fe5d29cc800 Thread exited: 0x00007fe5d29cc800
Event: 51.961 Thread 0x00007fe5d3802800 Thread exited: 0x00007fe5d3802800
Event: 51.961 Thread 0x00007fe5d3802800 Thread added: 0x00007fe5d3802800
Event: 51.961 Thread 0x00007fe5d410d800 Thread exited: 0x00007fe5d410d800


Dynamic libraries:
0x00000000027bd000 	/System/Library/Frameworks/Cocoa.framework/Versions/A/Cocoa
0x00000000027bd000 	/System/Library/Frameworks/Security.framework/Versions/A/Security
0x00000000027bd000 	/System/Library/Frameworks/ApplicationServices.framework/Versions/A/ApplicationServices
0x00000000027bd000 	/usr/lib/libz.1.dylib
0x00000000027bd000 	/usr/lib/libSystem.B.dylib
0x00000000027bd000 	/usr/lib/libobjc.A.dylib
0x00000000027bd000 	/System/Library/Frameworks/CoreFoundation.framework/Versions/A/CoreFoundation
0x00000000027bd000 	/System/Library/Frameworks/Foundation.framework/Versions/C/Foundation
0x00000000027bd000 	/System/Library/Frameworks/AppKit.framework/Versions/C/AppKit
0x00000000027bd000 	/System/Library/Frameworks/CoreData.framework/Versions/A/CoreData
0x00000000027bd000 	/System/Library/PrivateFrameworks/RemoteViewServices.framework/Versions/A/RemoteViewServices
0x00000000027bd000 	/System/Library/PrivateFrameworks/UIFoundation.framework/Versions/A/UIFoundation
0x00000000027bd000 	/System/Library/Frameworks/IOSurface.framework/Versions/A/IOSurface
0x00000000027bd000 	/System/Library/Frameworks/AudioToolbox.framework/Versions/A/AudioToolbox
0x00000000027bd000 	/System/Library/Frameworks/AudioUnit.framework/Versions/A/AudioUnit
0x00000000027bd000 	/System/Library/PrivateFrameworks/DataDetectorsCore.framework/Versions/A/DataDetectorsCore
0x00000000027bd000 	/System/Library/PrivateFrameworks/DesktopServicesPriv.framework/Versions/A/DesktopServicesPriv
0x00000000027bd000 	/System/Library/Frameworks/Carbon.framework/Versions/A/Frameworks/HIToolbox.framework/Versions/A/HIToolbox
0x00000000027bd000 	/System/Library/Frameworks/QuartzCore.framework/Versions/A/QuartzCore
0x00000000027bd000 	/System/Library/Frameworks/Carbon.framework/Versions/A/Frameworks/SpeechRecognition.framework/Versions/A/SpeechRecognition
0x00000000027bd000 	/usr/lib/libauto.dylib
0x00000000027bd000 	/usr/lib/libicucore.A.dylib
0x00000000027bd000 	/usr/lib/libxml2.2.dylib
0x00000000027bd000 	/System/Library/PrivateFrameworks/CoreUI.framework/Versions/A/CoreUI
0x00000000027bd000 	/System/Library/Frameworks/CoreAudio.framework/Versions/A/CoreAudio
0x00000000027bd000 	/System/Library/Frameworks/DiskArbitration.framework/Versions/A/DiskArbitration
0x00000000027bd000 	/usr/lib/liblangid.dylib
0x00000000027bd000 	/System/Library/PrivateFrameworks/MultitouchSupport.framework/Versions/A/MultitouchSupport
0x00000000027bd000 	/System/Library/Frameworks/IOKit.framework/Versions/A/IOKit
0x00000000027bd000 	/usr/lib/libDiagnosticMessagesClient.dylib
0x00000000027bd000 	/System/Library/Frameworks/CoreServices.framework/Versions/A/CoreServices
0x00000000027bd000 	/System/Library/PrivateFrameworks/PerformanceAnalysis.framework/Versions/A/PerformanceAnalysis
0x00000000027bd000 	/System/Library/PrivateFrameworks/GenerationalStorage.framework/Versions/A/GenerationalStorage
0x00000000027bd000 	/System/Library/Frameworks/OpenGL.framework/Versions/A/OpenGL
0x00000000027bd000 	/System/Library/PrivateFrameworks/Sharing.framework/Versions/A/Sharing
0x00000000027bd000 	/System/Library/Frameworks/CoreGraphics.framework/Versions/A/CoreGraphics
0x00000000027bd000 	/System/Library/Frameworks/CoreText.framework/Versions/A/CoreText
0x00000000027bd000 	/System/Library/Frameworks/ImageIO.framework/Versions/A/ImageIO
0x00000000027bd000 	/usr/lib/libextension.dylib
0x00000000027bd000 	/System/Library/PrivateFrameworks/Backup.framework/Versions/A/Backup
0x00000000027bd000 	/usr/lib/libarchive.2.dylib
0x00000000027bd000 	/System/Library/Frameworks/CFNetwork.framework/Versions/A/CFNetwork
0x00000000027bd000 	/System/Library/Frameworks/SystemConfiguration.framework/Versions/A/SystemConfiguration
0x00000000027bd000 	/usr/lib/libCRFSuite.dylib
0x00000000027bd000 	/usr/lib/libc++.1.dylib
0x00000000027bd000 	/usr/lib/libc++abi.dylib
0x00000000027bd000 	/usr/lib/system/libcache.dylib
0x00000000027bd000 	/usr/lib/system/libcommonCrypto.dylib
0x00000000027bd000 	/usr/lib/system/libcompiler_rt.dylib
0x00000000027bd000 	/usr/lib/system/libcopyfile.dylib
0x00000000027bd000 	/usr/lib/system/libcorecrypto.dylib
0x00000000027bd000 	/usr/lib/system/libdispatch.dylib
0x00000000027bd000 	/usr/lib/system/libdyld.dylib
0x00000000027bd000 	/usr/lib/system/libkeymgr.dylib
0x00000000027bd000 	/usr/lib/system/liblaunch.dylib
0x00000000027bd000 	/usr/lib/system/libmacho.dylib
0x00000000027bd000 	/usr/lib/system/libquarantine.dylib
0x00000000027bd000 	/usr/lib/system/libremovefile.dylib
0x00000000027bd000 	/usr/lib/system/libsystem_asl.dylib
0x00000000027bd000 	/usr/lib/system/libsystem_blocks.dylib
0x00000000027bd000 	/usr/lib/system/libsystem_c.dylib
0x00000000027bd000 	/usr/lib/system/libsystem_configuration.dylib
0x00000000027bd000 	/usr/lib/system/libsystem_coreservices.dylib
0x00000000027bd000 	/usr/lib/system/libsystem_coretls.dylib
0x00000000027bd000 	/usr/lib/system/libsystem_dnssd.dylib
0x00000000027bd000 	/usr/lib/system/libsystem_info.dylib
0x00000000027bd000 	/usr/lib/system/libsystem_kernel.dylib
0x00000000027bd000 	/usr/lib/system/libsystem_m.dylib
0x00000000027bd000 	/usr/lib/system/libsystem_malloc.dylib
0x00000000027bd000 	/usr/lib/system/libsystem_network.dylib
0x00000000027bd000 	/usr/lib/system/libsystem_networkextension.dylib
0x00000000027bd000 	/usr/lib/system/libsystem_notify.dylib
0x00000000027bd000 	/usr/lib/system/libsystem_platform.dylib
0x00000000027bd000 	/usr/lib/system/libsystem_pthread.dylib
0x00000000027bd000 	/usr/lib/system/libsystem_sandbox.dylib
0x00000000027bd000 	/usr/lib/system/libsystem_secinit.dylib
0x00000000027bd000 	/usr/lib/system/libsystem_stats.dylib
0x00000000027bd000 	/usr/lib/system/libsystem_trace.dylib
0x00000000027bd000 	/usr/lib/system/libunc.dylib
0x00000000027bd000 	/usr/lib/system/libunwind.dylib
0x00000000027bd000 	/usr/lib/system/libxpc.dylib
0x00000000027bd000 	/usr/lib/libbz2.1.0.dylib
0x00000000027bd000 	/usr/lib/liblzma.5.dylib
0x00000000027bd000 	/usr/lib/libbsm.0.dylib
0x00000000027bd000 	/usr/lib/libsqlite3.dylib
0x00000000027bd000 	/usr/lib/system/libkxld.dylib
0x00000000027bd000 	/usr/lib/libxar.1.dylib
0x00000000027bd000 	/usr/lib/libpam.2.dylib
0x00000000027bd000 	/usr/lib/libOpenScriptingUtil.dylib
0x00000000027bd000 	/System/Library/Frameworks/CoreServices.framework/Versions/A/Frameworks/FSEvents.framework/Versions/A/FSEvents
0x00000000027bd000 	/System/Library/Frameworks/CoreServices.framework/Versions/A/Frameworks/CarbonCore.framework/Versions/A/CarbonCore
0x00000000027bd000 	/System/Library/Frameworks/CoreServices.framework/Versions/A/Frameworks/Metadata.framework/Versions/A/Metadata
0x00000000027bd000 	/System/Library/Frameworks/CoreServices.framework/Versions/A/Frameworks/OSServices.framework/Versions/A/OSServices
0x00000000027bd000 	/System/Library/Frameworks/CoreServices.framework/Versions/A/Frameworks/SearchKit.framework/Versions/A/SearchKit
0x00000000027bd000 	/System/Library/Frameworks/CoreServices.framework/Versions/A/Frameworks/AE.framework/Versions/A/AE
0x00000000027bd000 	/System/Library/Frameworks/CoreServices.framework/Versions/A/Frameworks/LaunchServices.framework/Versions/A/LaunchServices
0x00000000027bd000 	/System/Library/Frameworks/CoreServices.framework/Versions/A/Frameworks/DictionaryServices.framework/Versions/A/DictionaryServices
0x00000000027bd000 	/System/Library/Frameworks/NetFS.framework/Versions/A/NetFS
0x00000000027bd000 	/System/Library/PrivateFrameworks/NetAuth.framework/Versions/A/NetAuth
0x00000000027bd000 	/System/Library/PrivateFrameworks/login.framework/Versions/A/Frameworks/loginsupport.framework/Versions/A/loginsupport
0x00000000027bd000 	/System/Library/PrivateFrameworks/TCC.framework/Versions/A/TCC
0x00000000027bd000 	/usr/lib/libmecabra.dylib
0x00000000027bd000 	/System/Library/Frameworks/ApplicationServices.framework/Versions/A/Frameworks/ATS.framework/Versions/A/ATS
0x00000000027bd000 	/System/Library/Frameworks/ApplicationServices.framework/Versions/A/Frameworks/ColorSync.framework/Versions/A/ColorSync
0x00000000027bd000 	/System/Library/Frameworks/ApplicationServices.framework/Versions/A/Frameworks/HIServices.framework/Versions/A/HIServices
0x00000000027bd000 	/System/Library/Frameworks/ApplicationServices.framework/Versions/A/Frameworks/LangAnalysis.framework/Versions/A/LangAnalysis
0x00000000027bd000 	/System/Library/Frameworks/ApplicationServices.framework/Versions/A/Frameworks/PrintCore.framework/Versions/A/PrintCore
0x00000000027bd000 	/System/Library/Frameworks/ApplicationServices.framework/Versions/A/Frameworks/QD.framework/Versions/A/QD
0x00000000027bd000 	/System/Library/Frameworks/ApplicationServices.framework/Versions/A/Frameworks/SpeechSynthesis.framework/Versions/A/SpeechSynthesis
0x00000000027bd000 	/System/Library/Frameworks/Accelerate.framework/Versions/A/Accelerate
0x00000000027bd000 	/System/Library/Frameworks/Accelerate.framework/Versions/A/Frameworks/vImage.framework/Versions/A/vImage
0x00000000027bd000 	/System/Library/Frameworks/Accelerate.framework/Versions/A/Frameworks/vecLib.framework/Versions/A/vecLib
0x00000000027bd000 	/System/Library/Frameworks/Accelerate.framework/Versions/A/Frameworks/vecLib.framework/Versions/A/libvDSP.dylib
0x00000000027bd000 	/System/Library/Frameworks/Accelerate.framework/Versions/A/Frameworks/vecLib.framework/Versions/A/libvMisc.dylib
0x00000000027bd000 	/System/Library/Frameworks/Accelerate.framework/Versions/A/Frameworks/vecLib.framework/Versions/A/libLAPACK.dylib
0x00000000027bd000 	/System/Library/Frameworks/Accelerate.framework/Versions/A/Frameworks/vecLib.framework/Versions/A/libBLAS.dylib
0x00000000027bd000 	/System/Library/Frameworks/Accelerate.framework/Versions/A/Frameworks/vecLib.framework/Versions/A/libLinearAlgebra.dylib
0x00000000027bd000 	/System/Library/Frameworks/ApplicationServices.framework/Versions/A/Frameworks/ATS.framework/Versions/A/Resources/libFontParser.dylib
0x00000000027bd000 	/System/Library/Frameworks/ApplicationServices.framework/Versions/A/Frameworks/ATS.framework/Versions/A/Resources/libFontRegistry.dylib
0x00000000027bd000 	/System/Library/PrivateFrameworks/AppleVPA.framework/Versions/A/AppleVPA
0x00000000027bd000 	/System/Library/PrivateFrameworks/AppleJPEG.framework/Versions/A/AppleJPEG
0x00000000027bd000 	/System/Library/Frameworks/ImageIO.framework/Versions/A/Resources/libJPEG.dylib
0x00000000027bd000 	/System/Library/Frameworks/ImageIO.framework/Versions/A/Resources/libTIFF.dylib
0x00000000027bd000 	/System/Library/Frameworks/ImageIO.framework/Versions/A/Resources/libPng.dylib
0x00000000027bd000 	/System/Library/Frameworks/ImageIO.framework/Versions/A/Resources/libGIF.dylib
0x00000000027bd000 	/System/Library/Frameworks/ImageIO.framework/Versions/A/Resources/libJP2.dylib
0x00000000027bd000 	/System/Library/Frameworks/ImageIO.framework/Versions/A/Resources/libRadiance.dylib
0x00000000027bd000 	/System/Library/Frameworks/CoreVideo.framework/Versions/A/CoreVideo
0x00000000027bd000 	/System/Library/Frameworks/OpenGL.framework/Versions/A/Libraries/libGLU.dylib
0x00000000027bd000 	/System/Library/Frameworks/OpenGL.framework/Versions/A/Libraries/libGFXShared.dylib
0x00000000027bd000 	/System/Library/Frameworks/OpenGL.framework/Versions/A/Libraries/libGL.dylib
0x00000000027bd000 	/System/Library/Frameworks/OpenGL.framework/Versions/A/Libraries/libGLImage.dylib
0x00000000027bd000 	/System/Library/Frameworks/OpenGL.framework/Versions/A/Libraries/libCVMSPluginSupport.dylib
0x00000000027bd000 	/System/Library/Frameworks/OpenGL.framework/Versions/A/Libraries/libCoreVMClient.dylib
0x00000000027bd000 	/usr/lib/libcups.2.dylib
0x00000000027bd000 	/System/Library/Frameworks/Kerberos.framework/Versions/A/Kerberos
0x00000000027bd000 	/System/Library/Frameworks/GSS.framework/Versions/A/GSS
0x00000000027bd000 	/usr/lib/libresolv.9.dylib
0x00000000027bd000 	/usr/lib/libiconv.2.dylib
0x00000000027bd000 	/System/Library/PrivateFrameworks/Heimdal.framework/Versions/A/Heimdal
0x00000000027bd000 	/usr/lib/libheimdal-asn1.dylib
0x00000000027bd000 	/System/Library/Frameworks/OpenDirectory.framework/Versions/A/OpenDirectory
0x00000000027bd000 	/System/Library/PrivateFrameworks/CommonAuth.framework/Versions/A/CommonAuth
0x00000000027bd000 	/System/Library/Frameworks/OpenDirectory.framework/Versions/A/Frameworks/CFOpenDirectory.framework/Versions/A/CFOpenDirectory
0x00000000027bd000 	/System/Library/Frameworks/SecurityFoundation.framework/Versions/A/SecurityFoundation
0x00000000027bd000 	/System/Library/PrivateFrameworks/LanguageModeling.framework/Versions/A/LanguageModeling
0x00000000027bd000 	/usr/lib/libcmph.dylib
0x00000000027bd000 	/System/Library/Frameworks/ServiceManagement.framework/Versions/A/ServiceManagement
0x00000000027bd000 	/usr/lib/libxslt.1.dylib
0x00000000027bd000 	/System/Library/Frameworks/Carbon.framework/Versions/A/Frameworks/Ink.framework/Versions/A/Ink
0x00000000027bd000 	/System/Library/Frameworks/QuartzCore.framework/Versions/A/Frameworks/CoreImage.framework/Versions/A/CoreImage
0x00000000027bd000 	/System/Library/PrivateFrameworks/CrashReporterSupport.framework/Versions/A/CrashReporterSupport
0x00000000027bd000 	/System/Library/Frameworks/OpenCL.framework/Versions/A/OpenCL
0x00000000027bd000 	/System/Library/PrivateFrameworks/FaceCore.framework/Versions/A/FaceCore
0x00000000027bd000 	/System/Library/PrivateFrameworks/Ubiquity.framework/Versions/A/Ubiquity
0x00000000027bd000 	/System/Library/PrivateFrameworks/IconServices.framework/Versions/A/IconServices
0x00000000027bd000 	/System/Library/PrivateFrameworks/ChunkingLibrary.framework/Versions/A/ChunkingLibrary
0x00000000027bd000 	/System/Library/PrivateFrameworks/Apple80211.framework/Versions/A/Apple80211
0x00000000027bd000 	/System/Library/Frameworks/CoreWLAN.framework/Versions/A/CoreWLAN
0x00000000027bd000 	/System/Library/Frameworks/IOBluetooth.framework/Versions/A/IOBluetooth
0x00000000027bd000 	/System/Library/PrivateFrameworks/CoreWiFi.framework/Versions/A/CoreWiFi
0x00000000027bd000 	/System/Library/Frameworks/CoreBluetooth.framework/Versions/A/CoreBluetooth
0x00000000027bd000 	/System/Library/PrivateFrameworks/DebugSymbols.framework/Versions/A/DebugSymbols
0x00000000027bd000 	/System/Library/PrivateFrameworks/CoreSymbolication.framework/Versions/A/CoreSymbolication
0x00000000027bd000 	/System/Library/PrivateFrameworks/Symbolication.framework/Versions/A/Symbolication
0x00000000027bd000 	/System/Library/PrivateFrameworks/SpeechRecognitionCore.framework/Versions/A/SpeechRecognitionCore
0x00000001026e7000 	/Library/Java/JavaVirtualMachines/jdk1.8.0_20.jdk/Contents/Home/jre/lib/server/libjvm.dylib
0x00000000027bd000 	/usr/lib/libstdc++.6.dylib
0x000000010371c000 	/Library/Java/JavaVirtualMachines/jdk1.8.0_20.jdk/Contents/Home/jre/lib/libverify.dylib
0x000000010372a000 	/Library/Java/JavaVirtualMachines/jdk1.8.0_20.jdk/Contents/Home/jre/lib/libjava.dylib
0x0000000103768000 	/Library/Java/JavaVirtualMachines/jdk1.8.0_20.jdk/Contents/Home/jre/lib/libzip.dylib
0x00000001037e2000 	/System/Library/Frameworks/JavaVM.framework/Frameworks/JavaRuntimeSupport.framework/JavaRuntimeSupport
0x000000011a004000 	/System/Library/Frameworks/JavaVM.framework/Versions/A/Frameworks/JavaNativeFoundation.framework/Versions/A/JavaNativeFoundation
0x000000011a019000 	/System/Library/Frameworks/JavaVM.framework/Versions/A/JavaVM
0x00000000027bd000 	/System/Library/Frameworks/Carbon.framework/Versions/A/Carbon
0x000000011a026000 	/System/Library/PrivateFrameworks/JavaLaunching.framework/Versions/A/JavaLaunching
0x00000000027bd000 	/System/Library/Frameworks/Carbon.framework/Versions/A/Frameworks/CommonPanels.framework/Versions/A/CommonPanels
0x00000000027bd000 	/System/Library/Frameworks/Carbon.framework/Versions/A/Frameworks/Help.framework/Versions/A/Help
0x00000000027bd000 	/System/Library/Frameworks/Carbon.framework/Versions/A/Frameworks/ImageCapture.framework/Versions/A/ImageCapture
0x00000000027bd000 	/System/Library/Frameworks/Carbon.framework/Versions/A/Frameworks/OpenScripting.framework/Versions/A/OpenScripting
0x00000000027bd000 	/System/Library/Frameworks/Carbon.framework/Versions/A/Frameworks/Print.framework/Versions/A/Print
0x00000000027bd000 	/System/Library/Frameworks/Carbon.framework/Versions/A/Frameworks/SecurityHI.framework/Versions/A/SecurityHI
0x000000011c0e5000 	/Library/Java/JavaVirtualMachines/jdk1.8.0_20.jdk/Contents/Home/jre/lib/libprism_es2.dylib
0x00000000027bd000 	/System/Library/Frameworks/OpenGL.framework/Versions/A/Resources/GLEngine.bundle/GLEngine
0x00000000027bd000 	/System/Library/Frameworks/OpenGL.framework/Versions/A/Libraries/libGLProgrammability.dylib
0x0000000000000000 	/System/Library/Extensions/AppleIntelHD4000GraphicsGLDriver.bundle/Contents/MacOS/AppleIntelHD4000GraphicsGLDriver
0x00000000027bd000 	/System/Library/PrivateFrameworks/IOAccelerator.framework/Versions/A/IOAccelerator
0x00000000027bd000 	/System/Library/PrivateFrameworks/GPUSupport.framework/Versions/A/Libraries/libGPUSupportMercury.dylib
0x00000000027bd000 	/System/Library/Frameworks/OpenGL.framework/Versions/A/Resources/GLRendererFloat.bundle/GLRendererFloat
0x00000000027bd000 	/System/Library/Frameworks/OpenCL.framework/Versions/A/Libraries/libcldcpuengine.dylib
0x00000000027bd000 	/System/Library/PrivateFrameworks/DiskImages.framework/Versions/A/DiskImages
0x00000000027bd000 	/System/Library/Frameworks/DiscRecording.framework/Versions/A/DiscRecording
0x00000000027bd000 	/usr/lib/libcsfde.dylib
0x00000000027bd000 	/usr/lib/libcurl.4.dylib
0x00000000027bd000 	/System/Library/PrivateFrameworks/MediaKit.framework/Versions/A/MediaKit
0x00000000027bd000 	/System/Library/PrivateFrameworks/ProtectedCloudStorage.framework/Versions/A/ProtectedCloudStorage
0x00000000027bd000 	/usr/lib/libCoreStorage.dylib
0x00000000027bd000 	/System/Library/PrivateFrameworks/EFILogin.framework/Versions/A/EFILogin
0x00000000027bd000 	/usr/lib/libutil.dylib
0x00000000027bd000 	/System/Library/PrivateFrameworks/FindMyDevice.framework/Versions/A/FindMyDevice
0x00000000027bd000 	/System/Library/Frameworks/LDAP.framework/Versions/A/LDAP
0x00000000027bd000 	/usr/lib/libsasl2.2.dylib
0x00000000027bd000 	/System/Library/PrivateFrameworks/CoreDaemon.framework/Versions/B/CoreDaemon
0x00000000027bd000 	/usr/lib/libcrypto.0.9.8.dylib
0x00000000027bd000 	/System/Library/PrivateFrameworks/AppleSRP.framework/Versions/A/AppleSRP
0x00000000027bd000 	/System/Library/PrivateFrameworks/TrustEvaluationAgent.framework/Versions/A/TrustEvaluationAgent
0x000000011c595000 	/Library/Java/JavaVirtualMachines/jdk1.8.0_20.jdk/Contents/Home/jre/lib/libglass.dylib
0x00000000027bd000 	/System/Library/PrivateFrameworks/CoreServicesInternal.framework/Versions/A/CoreServicesInternal
0x00000000027bd000 	/System/Library/PrivateFrameworks/CloudDocs.framework/Versions/A/CloudDocs
0x00000000027bd000 	/System/Library/PrivateFrameworks/CoreDuet.framework/Versions/A/CoreDuet
0x00000000027bd000 	/System/Library/Frameworks/CloudKit.framework/Versions/A/CloudKit
0x00000000027bd000 	/System/Library/PrivateFrameworks/ProtocolBuffer.framework/Versions/A/ProtocolBuffer
0x00000000027bd000 	/System/Library/PrivateFrameworks/CoreDuetDaemonProtocol.framework/Versions/A/CoreDuetDaemonProtocol
0x00000000027bd000 	/System/Library/PrivateFrameworks/CoreDuetDebugLogging.framework/Versions/A/CoreDuetDebugLogging
0x00000000027bd000 	/System/Library/PrivateFrameworks/MMCS.framework/Versions/A/MMCS
0x00000000027bd000 	/System/Library/Frameworks/CoreLocation.framework/Versions/A/CoreLocation
0x00000000027bd000 	/System/Library/PrivateFrameworks/GeoServices.framework/Versions/A/GeoServices
0x00000000027bd000 	/System/Library/Frameworks/CoreGraphics.framework/Versions/A/Resources/libCGCMS.A.dylib
0x00000000027bd000 	/System/Library/CoreServices/RawCamera.bundle/Contents/MacOS/RawCamera
0x00000000027bd000 	/System/Library/Frameworks/CoreGraphics.framework/Versions/A/Resources/libRIP.A.dylib
0x00000000027bd000 	/System/Library/PrivateFrameworks/FamilyControls.framework/Versions/A/FamilyControls
0x00000000027bd000 	/System/Library/PrivateFrameworks/CommerceKit.framework/Versions/A/Frameworks/CommerceCore.framework/Versions/A/CommerceCore
0x00000000027bd000 	/System/Library/PrivateFrameworks/SystemAdministration.framework/Versions/A/SystemAdministration
0x00000000027bd000 	/System/Library/PrivateFrameworks/AppContainer.framework/Versions/A/AppContainer
0x00000000027bd000 	/System/Library/PrivateFrameworks/SecCodeWrapper.framework/Versions/A/SecCodeWrapper
0x00000000027bd000 	/System/Library/Frameworks/DirectoryService.framework/Versions/A/DirectoryService
0x00000000027bd000 	/System/Library/PrivateFrameworks/LoginUIKit.framework/Versions/A/Frameworks/LoginUICore.framework/Versions/A/LoginUICore
0x00000000027bd000 	/usr/lib/libodfde.dylib
0x000000011fdd3000 	/Library/Java/JavaVirtualMachines/jdk1.8.0_20.jdk/Contents/Home/jre/lib/libjavafx_font.dylib
0x00000000027bd000 	/System/Library/Frameworks/CoreGraphics.framework/Versions/A/Resources/libCGXType.A.dylib
0x0000000122020000 	/Library/Java/JavaVirtualMachines/jdk1.8.0_20.jdk/Contents/Home/jre/lib/libnet.dylib
0x0000000121eb9000 	cl_kernels
0x0000000122199000 	/System/Library/Frameworks/OpenCL.framework/Versions/A/Libraries/ImageFormats/unorm8_bgra.dylib
0x00000001222d1000 	cl_kernels
0x00000001222c2000 	/Library/Java/JavaVirtualMachines/jdk1.8.0_20.jdk/Contents/Home/jre/lib/libprism_common.dylib

VM Arguments:
jvm_args: -Dfile.encoding=UTF-8 
java_command: GameServer
java_class_path (initial): /Users/TylerPhelps/Documents/workspace/CantStop_Networking/bin
Launcher Type: SUN_STANDARD

Environment Variables:
PATH=/usr/bin:/bin:/usr/sbin:/sbin
SHELL=/bin/bash
DISPLAY=/private/tmp/com.apple.launchd.FjOrO3BpU7/org.macosforge.xquartz:0

Signal Handlers:
SIGSEGV: [libjvm.dylib+0x578fd7], sa_mask[0]=11111111011111110111111111111111, sa_flags=SA_ONSTACK|SA_RESTART|SA_SIGINFO
SIGBUS: [libjvm.dylib+0x578fd7], sa_mask[0]=11111111011111110111111111111111, sa_flags=SA_RESTART|SA_SIGINFO
SIGFPE: [libjvm.dylib+0x45ab0c], sa_mask[0]=11111111011111110111111111111111, sa_flags=SA_RESTART|SA_SIGINFO
SIGPIPE: [libjvm.dylib+0x45ab0c], sa_mask[0]=11111111011111110111111111111111, sa_flags=SA_RESTART|SA_SIGINFO
SIGXFSZ: [libjvm.dylib+0x45ab0c], sa_mask[0]=11111111011111110111111111111111, sa_flags=SA_RESTART|SA_SIGINFO
SIGILL: [libjvm.dylib+0x45ab0c], sa_mask[0]=11111111011111110111111111111111, sa_flags=SA_RESTART|SA_SIGINFO
SIGUSR1: SIG_DFL, sa_mask[0]=00000000000000000000000000000000, sa_flags=none
SIGUSR2: [libjvm.dylib+0x45a62a], sa_mask[0]=00100000000000000000000000000000, sa_flags=SA_RESTART|SA_SIGINFO
SIGHUP: [libjvm.dylib+0x458bfd], sa_mask[0]=11111111011111110111111111111111, sa_flags=SA_RESTART|SA_SIGINFO
SIGINT: [libjvm.dylib+0x458bfd], sa_mask[0]=11111111011111110111111111111111, sa_flags=SA_RESTART|SA_SIGINFO
SIGTERM: [libjvm.dylib+0x458bfd], sa_mask[0]=11111111011111110111111111111111, sa_flags=SA_RESTART|SA_SIGINFO
SIGQUIT: [libjvm.dylib+0x458bfd], sa_mask[0]=11111111011111110111111111111111, sa_flags=SA_RESTART|SA_SIGINFO


---------------  S Y S T E M  ---------------

OS:Bsduname:Darwin 14.4.0 Darwin Kernel Version 14.4.0: Thu May 28 11:35:04 PDT 2015; root:xnu-2782.30.5~1/RELEASE_X86_64 x86_64
rlimit: STACK 8192k, CORE 0k, NPROC 709, NOFILE 10240, AS infinity
load average:2.95 1.96 1.74

CPU:total 4 (2 cores per cpu, 2 threads per core) family 6 model 58 stepping 9, cmov, cx8, fxsr, mmx, sse, sse2, sse3, ssse3, sse4.1, sse4.2, popcnt, avx, aes, clmul, erms, ht, tsc, tscinvbit, tscinv

Memory: 4k page, physical 8388608k(640532k free)

/proc/meminfo:


vm_info: Java HotSpot(TM) 64-Bit Server VM (25.20-b23) for bsd-amd64 JRE (1.8.0_20-b26), built on Jul 30 2014 13:37:47 by "java_re" with gcc 4.2.1 (Based on Apple Inc. build 5658) (LLVM build 2336.9.00)

time: Fri Oct  2 00:11:32 2015
elapsed time: 55 seconds (0d 0h 0m 55s)

